                                      1 ;--------------------------------------------------------
                                      2 ; File Created by SDCC : free open source ISO C Compiler 
                                      3 ; Version 4.2.2 #13350 (MINGW64)
                                      4 ;--------------------------------------------------------
                                      5 	.module main
                                      6 	.optsdcc -msm83
                                      7 	
                                      8 ;--------------------------------------------------------
                                      9 ; Public variables in this module
                                     10 ;--------------------------------------------------------
                                     11 	.globl _main
                                     12 	.globl _font_set
                                     13 	.globl _font_load
                                     14 	.globl _font_init
                                     15 	.globl _set_sprite_data
                                     16 	.globl _set_win_tiles
                                     17 	.globl _set_bkg_tiles
                                     18 	.globl _set_bkg_data
                                     19 	.globl _joypad
                                     20 	.globl _delay
                                     21 	.globl _WNice
                                     22 	.globl _TileLabel1
                                     23 	.globl _Nice
                                     24 	.globl _TileLabel
                                     25 ;--------------------------------------------------------
                                     26 ; special function registers
                                     27 ;--------------------------------------------------------
                                     28 ;--------------------------------------------------------
                                     29 ; ram data
                                     30 ;--------------------------------------------------------
                                     31 	.area _DATA
                                     32 ;--------------------------------------------------------
                                     33 ; ram data
                                     34 ;--------------------------------------------------------
                                     35 	.area _INITIALIZED
      000000                         36 _TileLabel::
      000000                         37 	.ds 32
      000020                         38 _Nice::
      000020                         39 	.ds 720
      0002F0                         40 _TileLabel1::
      0002F0                         41 	.ds 128
      000370                         42 _WNice::
      000370                         43 	.ds 5
                                     44 ;--------------------------------------------------------
                                     45 ; absolute external ram data
                                     46 ;--------------------------------------------------------
                                     47 	.area _DABS (ABS)
                                     48 ;--------------------------------------------------------
                                     49 ; global & static initialisations
                                     50 ;--------------------------------------------------------
                                     51 	.area _HOME
                                     52 	.area _GSINIT
                                     53 	.area _GSFINAL
                                     54 	.area _GSINIT
                                     55 ;--------------------------------------------------------
                                     56 ; Home
                                     57 ;--------------------------------------------------------
                                     58 	.area _HOME
                                     59 	.area _HOME
                                     60 ;--------------------------------------------------------
                                     61 ; code
                                     62 ;--------------------------------------------------------
                                     63 	.area _CODE
                                     64 ;main.c:9: void main() {
                                     65 ;	---------------------------------
                                     66 ; Function main
                                     67 ; ---------------------------------
      000000                         68 _main::
      000000 3B               [ 8]   69 	dec	sp
                                     70 ;main.c:10: UINT8 currentspriteindex = 0;                                            // variable zur bewegung des Sprites
      000001 F8 00            [12]   71 	ldhl	sp,	#0
      000003 36 00            [12]   72 	ld	(hl), #0x00
                                     73 ;main.c:12: font_init();
      000005 CDr00r00         [24]   74 	call	_font_init
                                     75 ;main.c:13: min_font = font_load(font_min);                                          //36 tiles
      000008 11r00r00         [12]   76 	ld	de, #_font_min
      00000B D5               [16]   77 	push	de
      00000C CDr00r00         [24]   78 	call	_font_load
      00000F E1               [12]   79 	pop	hl
                                     80 ;main.c:14: font_set(min_font);
      000010 D5               [16]   81 	push	de
      000011 CDr00r00         [24]   82 	call	_font_set
      000014 E1               [12]   83 	pop	hl
                                     84 ;main.c:15: set_bkg_data(37, 7, TileLabel1);                                         //initaliesiurung des Hintergrundes
      000015 11rF0r02         [12]   85 	ld	de, #_TileLabel1
      000018 D5               [16]   86 	push	de
      000019 21 25 07         [12]   87 	ld	hl, #0x725
      00001C E5               [16]   88 	push	hl
      00001D CDr00r00         [24]   89 	call	_set_bkg_data
      000020 E8 04            [16]   90 	add	sp, #4
                                     91 ;main.c:16: set_bkg_tiles(0, 0, 40, 18, Nice);
      000022 11r20r00         [12]   92 	ld	de, #_Nice
      000025 D5               [16]   93 	push	de
      000026 21 28 12         [12]   94 	ld	hl, #0x1228
      000029 E5               [16]   95 	push	hl
      00002A AF               [ 4]   96 	xor	a, a
      00002B 0F               [ 4]   97 	rrca
      00002C F5               [16]   98 	push	af
      00002D CDr00r00         [24]   99 	call	_set_bkg_tiles
      000030 E8 06            [16]  100 	add	sp, #6
                                    101 ;main.c:17: set_win_tiles(0, 0, 5, 1, WNice);
      000032 11r70r03         [12]  102 	ld	de, #_WNice
      000035 D5               [16]  103 	push	de
      000036 21 05 01         [12]  104 	ld	hl, #0x105
      000039 E5               [16]  105 	push	hl
      00003A AF               [ 4]  106 	xor	a, a
      00003B 0F               [ 4]  107 	rrca
      00003C F5               [16]  108 	push	af
      00003D CDr00r00         [24]  109 	call	_set_win_tiles
      000040 E8 06            [16]  110 	add	sp, #6
                                    111 ;c:/gbdk/include/gb/gb.h:1468: WX_REG=x, WY_REG=y;
      000042 3E 07            [ 8]  112 	ld	a, #0x07
      000044 E0r00            [12]  113 	ldh	(_WX_REG + 0), a
      000046 3E 78            [ 8]  114 	ld	a, #0x78
      000048 E0r00            [12]  115 	ldh	(_WY_REG + 0), a
                                    116 ;main.c:19: NR52_REG = 0x80;
      00004A 3E 80            [ 8]  117 	ld	a, #0x80
      00004C E0r00            [12]  118 	ldh	(_NR52_REG + 0), a
                                    119 ;main.c:20: NR50_REG = 0x77;
      00004E 3E 77            [ 8]  120 	ld	a, #0x77
      000050 E0r00            [12]  121 	ldh	(_NR50_REG + 0), a
                                    122 ;main.c:21: NR51_REG = 0xFF;
      000052 3E FF            [ 8]  123 	ld	a, #0xff
      000054 E0r00            [12]  124 	ldh	(_NR51_REG + 0), a
                                    125 ;main.c:22: SHOW_BKG;
      000056 F0r00            [12]  126 	ldh	a, (_LCDC_REG + 0)
      000058 F6 01            [ 8]  127 	or	a, #0x01
      00005A E0r00            [12]  128 	ldh	(_LCDC_REG + 0), a
                                    129 ;main.c:23: SHOW_WIN;
      00005C F0r00            [12]  130 	ldh	a, (_LCDC_REG + 0)
      00005E F6 20            [ 8]  131 	or	a, #0x20
      000060 E0r00            [12]  132 	ldh	(_LCDC_REG + 0), a
                                    133 ;main.c:24: DISPLAY_ON;
      000062 F0r00            [12]  134 	ldh	a, (_LCDC_REG + 0)
      000064 F6 80            [ 8]  135 	or	a, #0x80
      000066 E0r00            [12]  136 	ldh	(_LCDC_REG + 0), a
                                    137 ;main.c:25: set_sprite_data(0, 2, TileLabel);                                       //setzt die sprite daten fest und Initialisiert sie
      000068 11r00r00         [12]  138 	ld	de, #_TileLabel
      00006B D5               [16]  139 	push	de
      00006C 21 00 02         [12]  140 	ld	hl, #0x200
      00006F E5               [16]  141 	push	hl
      000070 CDr00r00         [24]  142 	call	_set_sprite_data
      000073 E8 04            [16]  143 	add	sp, #4
                                    144 ;c:/gbdk/include/gb/gb.h:1602: shadow_OAM[nb].tile=tile;
      000075 21r02r00         [12]  145 	ld	hl, #(_shadow_OAM + 2)
      000078 36 00            [12]  146 	ld	(hl), #0x00
                                    147 ;c:/gbdk/include/gb/gb.h:1675: OAM_item_t * itm = &shadow_OAM[nb];
      00007A 21r00r00         [12]  148 	ld	hl, #_shadow_OAM
                                    149 ;c:/gbdk/include/gb/gb.h:1676: itm->y=y, itm->x=x;
      00007D 3E 4E            [ 8]  150 	ld	a, #0x4e
      00007F 22               [ 8]  151 	ld	(hl+), a
      000080 36 58            [12]  152 	ld	(hl), #0x58
                                    153 ;main.c:28: SHOW_SPRITES;
      000082 F0r00            [12]  154 	ldh	a, (_LCDC_REG + 0)
      000084 F6 02            [ 8]  155 	or	a, #0x02
      000086 E0r00            [12]  156 	ldh	(_LCDC_REG + 0), a
                                    157 ;main.c:31: while (1) {                                                              // Schleife für die Animation und bewegung
      000088                        158 00112$:
                                    159 ;main.c:32: UBYTE joypad_state = joypad();
      000088 CDr00r00         [24]  160 	call	_joypad
                                    161 ;main.c:33: if (joypad_state) {
      00008B B7               [ 4]  162 	or	a, a
      00008C 28 19            [12]  163 	jr	Z, 00102$
                                    164 ;main.c:34: NR10_REG = 0x16;
      00008E 3E 16            [ 8]  165 	ld	a, #0x16
      000090 E0r00            [12]  166 	ldh	(_NR10_REG + 0), a
                                    167 ;main.c:35: NR11_REG = 0x40;
      000092 3E 40            [ 8]  168 	ld	a, #0x40
      000094 E0r00            [12]  169 	ldh	(_NR11_REG + 0), a
                                    170 ;main.c:36: NR12_REG = 0x73;
      000096 3E 73            [ 8]  171 	ld	a, #0x73
      000098 E0r00            [12]  172 	ldh	(_NR12_REG + 0), a
                                    173 ;main.c:37: NR13_REG = 0x00;
      00009A AF               [ 4]  174 	xor	a, a
      00009B E0r00            [12]  175 	ldh	(_NR13_REG + 0), a
                                    176 ;main.c:38: NR14_REG = 0xC3;
      00009D 3E C3            [ 8]  177 	ld	a, #0xc3
      00009F E0r00            [12]  178 	ldh	(_NR14_REG + 0), a
                                    179 ;main.c:39: delay(100);
      0000A1 11 64 00         [12]  180 	ld	de, #0x0064
      0000A4 CDr00r00         [24]  181 	call	_delay
      0000A7                        182 00102$:
                                    183 ;main.c:41: if (currentspriteindex == 0) {
      0000A7 F8 00            [12]  184 	ldhl	sp,	#0
      0000A9 7E               [ 8]  185 	ld	a, (hl)
      0000AA B7               [ 4]  186 	or	a, a
      0000AB 20 04            [12]  187 	jr	NZ, 00104$
                                    188 ;main.c:42: currentspriteindex = 1;
      0000AD 36 01            [12]  189 	ld	(hl), #0x01
      0000AF 18 04            [12]  190 	jr	00105$
      0000B1                        191 00104$:
                                    192 ;main.c:45: currentspriteindex = 0;
      0000B1 F8 00            [12]  193 	ldhl	sp,	#0
      0000B3 36 00            [12]  194 	ld	(hl), #0x00
      0000B5                        195 00105$:
                                    196 ;main.c:47: delay(10);
      0000B5 11 0A 00         [12]  197 	ld	de, #0x000a
      0000B8 CDr00r00         [24]  198 	call	_delay
                                    199 ;c:/gbdk/include/gb/gb.h:1222: SCX_REG+=x, SCY_REG+=y;
      0000BB F0r00            [12]  200 	ldh	a, (_SCX_REG + 0)
      0000BD 3C               [ 4]  201 	inc	a
      0000BE E0r00            [12]  202 	ldh	(_SCX_REG + 0), a
                                    203 ;c:/gbdk/include/gb/gb.h:1602: shadow_OAM[nb].tile=tile;
      0000C0 11r02r00         [12]  204 	ld	de, #(_shadow_OAM + 2)
      0000C3 F8 00            [12]  205 	ldhl	sp,	#0
      0000C5 7E               [ 8]  206 	ld	a, (hl)
      0000C6 12               [ 8]  207 	ld	(de), a
                                    208 ;main.c:51: switch (joypad()) {                                                // für die bewegung per Pfeiltasten
      0000C7 CDr00r00         [24]  209 	call	_joypad
      0000CA 4F               [ 4]  210 	ld	c, a
      0000CB 3D               [ 4]  211 	dec	a
      0000CC 28 1B            [12]  212 	jr	Z, 00107$
      0000CE 79               [ 4]  213 	ld	a,c
      0000CF FE 02            [ 8]  214 	cp	a,#0x02
      0000D1 28 0A            [12]  215 	jr	Z, 00106$
      0000D3 FE 04            [ 8]  216 	cp	a,#0x04
      0000D5 28 1E            [12]  217 	jr	Z, 00108$
      0000D7 D6 08            [ 8]  218 	sub	a, #0x08
      0000D9 28 26            [12]  219 	jr	Z, 00109$
      0000DB 18 2E            [12]  220 	jr	00110$
                                    221 ;main.c:52: case J_LEFT:
      0000DD                        222 00106$:
                                    223 ;c:/gbdk/include/gb/gb.h:1691: OAM_item_t * itm = &shadow_OAM[nb];
      0000DD 01r00r00         [12]  224 	ld	bc, #_shadow_OAM+0
                                    225 ;c:/gbdk/include/gb/gb.h:1692: itm->y+=y, itm->x+=x;
      0000E0 0A               [ 8]  226 	ld	a, (bc)
      0000E1 02               [ 8]  227 	ld	(bc), a
      0000E2 03               [ 8]  228 	inc	bc
      0000E3 0A               [ 8]  229 	ld	a, (bc)
      0000E4 C6 FB            [ 8]  230 	add	a, #0xfb
      0000E6 02               [ 8]  231 	ld	(bc), a
                                    232 ;main.c:54: break;
      0000E7 18 22            [12]  233 	jr	00110$
                                    234 ;main.c:55: case J_RIGHT:
      0000E9                        235 00107$:
                                    236 ;c:/gbdk/include/gb/gb.h:1691: OAM_item_t * itm = &shadow_OAM[nb];
      0000E9 01r00r00         [12]  237 	ld	bc, #_shadow_OAM
                                    238 ;c:/gbdk/include/gb/gb.h:1692: itm->y+=y, itm->x+=x;
      0000EC 0A               [ 8]  239 	ld	a, (bc)
      0000ED 02               [ 8]  240 	ld	(bc), a
      0000EE 03               [ 8]  241 	inc	bc
      0000EF 0A               [ 8]  242 	ld	a, (bc)
      0000F0 C6 05            [ 8]  243 	add	a, #0x05
      0000F2 02               [ 8]  244 	ld	(bc), a
                                    245 ;main.c:57: break;
      0000F3 18 16            [12]  246 	jr	00110$
                                    247 ;main.c:58: case J_UP:
      0000F5                        248 00108$:
                                    249 ;c:/gbdk/include/gb/gb.h:1691: OAM_item_t * itm = &shadow_OAM[nb];
      0000F5 01r00r00         [12]  250 	ld	bc, #_shadow_OAM
                                    251 ;c:/gbdk/include/gb/gb.h:1692: itm->y+=y, itm->x+=x;
      0000F8 0A               [ 8]  252 	ld	a, (bc)
      0000F9 C6 FB            [ 8]  253 	add	a, #0xfb
      0000FB 02               [ 8]  254 	ld	(bc), a
      0000FC 03               [ 8]  255 	inc	bc
      0000FD 0A               [ 8]  256 	ld	a, (bc)
      0000FE 02               [ 8]  257 	ld	(bc), a
                                    258 ;main.c:60: break;
      0000FF 18 0A            [12]  259 	jr	00110$
                                    260 ;main.c:61: case J_DOWN:
      000101                        261 00109$:
                                    262 ;c:/gbdk/include/gb/gb.h:1691: OAM_item_t * itm = &shadow_OAM[nb];
      000101 01r00r00         [12]  263 	ld	bc, #_shadow_OAM
                                    264 ;c:/gbdk/include/gb/gb.h:1692: itm->y+=y, itm->x+=x;
      000104 0A               [ 8]  265 	ld	a, (bc)
      000105 C6 05            [ 8]  266 	add	a, #0x05
      000107 02               [ 8]  267 	ld	(bc), a
      000108 03               [ 8]  268 	inc	bc
      000109 0A               [ 8]  269 	ld	a, (bc)
      00010A 02               [ 8]  270 	ld	(bc), a
                                    271 ;main.c:65: }
      00010B                        272 00110$:
                                    273 ;main.c:66: delay(100);
      00010B 11 64 00         [12]  274 	ld	de, #0x0064
      00010E CDr00r00         [24]  275 	call	_delay
      000111 C3r88r00         [16]  276 	jp	00112$
                                    277 ;main.c:68: }
      000114 33               [ 8]  278 	inc	sp
      000115 C9               [16]  279 	ret
                                    280 	.area _CODE
                                    281 	.area _INITIALIZER
      000000                        282 __xinit__TileLabel:
      000000 FF                     283 	.db #0xff	; 255
      000001 00                     284 	.db #0x00	; 0
      000002 FF                     285 	.db #0xff	; 255
      000003 00                     286 	.db #0x00	; 0
      000004 FF                     287 	.db #0xff	; 255
      000005 00                     288 	.db #0x00	; 0
      000006 BD                     289 	.db #0xbd	; 189
      000007 81                     290 	.db #0x81	; 129
      000008 C3                     291 	.db #0xc3	; 195
      000009 00                     292 	.db #0x00	; 0
      00000A DB                     293 	.db #0xdb	; 219
      00000B 24                     294 	.db #0x24	; 36
      00000C C3                     295 	.db #0xc3	; 195
      00000D 00                     296 	.db #0x00	; 0
      00000E FF                     297 	.db #0xff	; 255
      00000F 00                     298 	.db #0x00	; 0
      000010 FF                     299 	.db #0xff	; 255
      000011 00                     300 	.db #0x00	; 0
      000012 FF                     301 	.db #0xff	; 255
      000013 81                     302 	.db #0x81	; 129
      000014 FF                     303 	.db #0xff	; 255
      000015 42                     304 	.db #0x42	; 66	'B'
      000016 BD                     305 	.db #0xbd	; 189
      000017 81                     306 	.db #0x81	; 129
      000018 C3                     307 	.db #0xc3	; 195
      000019 00                     308 	.db #0x00	; 0
      00001A DB                     309 	.db #0xdb	; 219
      00001B 24                     310 	.db #0x24	; 36
      00001C C3                     311 	.db #0xc3	; 195
      00001D 00                     312 	.db #0x00	; 0
      00001E FF                     313 	.db #0xff	; 255
      00001F 00                     314 	.db #0x00	; 0
      000020                        315 __xinit__Nice:
      000020 00                     316 	.db #0x00	; 0
      000021 00                     317 	.db #0x00	; 0
      000022 00                     318 	.db #0x00	; 0
      000023 00                     319 	.db #0x00	; 0
      000024 00                     320 	.db #0x00	; 0
      000025 00                     321 	.db #0x00	; 0
      000026 00                     322 	.db #0x00	; 0
      000027 00                     323 	.db #0x00	; 0
      000028 00                     324 	.db #0x00	; 0
      000029 00                     325 	.db #0x00	; 0
      00002A 00                     326 	.db #0x00	; 0
      00002B 00                     327 	.db #0x00	; 0
      00002C 00                     328 	.db #0x00	; 0
      00002D 00                     329 	.db #0x00	; 0
      00002E 00                     330 	.db #0x00	; 0
      00002F 00                     331 	.db #0x00	; 0
      000030 00                     332 	.db #0x00	; 0
      000031 00                     333 	.db #0x00	; 0
      000032 00                     334 	.db #0x00	; 0
      000033 00                     335 	.db #0x00	; 0
      000034 00                     336 	.db #0x00	; 0
      000035 00                     337 	.db #0x00	; 0
      000036 00                     338 	.db #0x00	; 0
      000037 00                     339 	.db #0x00	; 0
      000038 00                     340 	.db #0x00	; 0
      000039 00                     341 	.db #0x00	; 0
      00003A 00                     342 	.db #0x00	; 0
      00003B 00                     343 	.db #0x00	; 0
      00003C 00                     344 	.db #0x00	; 0
      00003D 00                     345 	.db #0x00	; 0
      00003E 00                     346 	.db #0x00	; 0
      00003F 00                     347 	.db #0x00	; 0
      000040 00                     348 	.db #0x00	; 0
      000041 00                     349 	.db #0x00	; 0
      000042 00                     350 	.db #0x00	; 0
      000043 00                     351 	.db #0x00	; 0
      000044 00                     352 	.db #0x00	; 0
      000045 00                     353 	.db #0x00	; 0
      000046 00                     354 	.db #0x00	; 0
      000047 00                     355 	.db #0x00	; 0
      000048 00                     356 	.db #0x00	; 0
      000049 00                     357 	.db #0x00	; 0
      00004A 00                     358 	.db #0x00	; 0
      00004B 00                     359 	.db #0x00	; 0
      00004C 00                     360 	.db #0x00	; 0
      00004D 00                     361 	.db #0x00	; 0
      00004E 00                     362 	.db #0x00	; 0
      00004F 00                     363 	.db #0x00	; 0
      000050 00                     364 	.db #0x00	; 0
      000051 00                     365 	.db #0x00	; 0
      000052 00                     366 	.db #0x00	; 0
      000053 00                     367 	.db #0x00	; 0
      000054 00                     368 	.db #0x00	; 0
      000055 00                     369 	.db #0x00	; 0
      000056 00                     370 	.db #0x00	; 0
      000057 00                     371 	.db #0x00	; 0
      000058 00                     372 	.db #0x00	; 0
      000059 00                     373 	.db #0x00	; 0
      00005A 00                     374 	.db #0x00	; 0
      00005B 00                     375 	.db #0x00	; 0
      00005C 00                     376 	.db #0x00	; 0
      00005D 00                     377 	.db #0x00	; 0
      00005E 00                     378 	.db #0x00	; 0
      00005F 00                     379 	.db #0x00	; 0
      000060 00                     380 	.db #0x00	; 0
      000061 00                     381 	.db #0x00	; 0
      000062 00                     382 	.db #0x00	; 0
      000063 00                     383 	.db #0x00	; 0
      000064 00                     384 	.db #0x00	; 0
      000065 00                     385 	.db #0x00	; 0
      000066 00                     386 	.db #0x00	; 0
      000067 00                     387 	.db #0x00	; 0
      000068 00                     388 	.db #0x00	; 0
      000069 00                     389 	.db #0x00	; 0
      00006A 00                     390 	.db #0x00	; 0
      00006B 00                     391 	.db #0x00	; 0
      00006C 00                     392 	.db #0x00	; 0
      00006D 00                     393 	.db #0x00	; 0
      00006E 00                     394 	.db #0x00	; 0
      00006F 00                     395 	.db #0x00	; 0
      000070 00                     396 	.db #0x00	; 0
      000071 00                     397 	.db #0x00	; 0
      000072 00                     398 	.db #0x00	; 0
      000073 00                     399 	.db #0x00	; 0
      000074 00                     400 	.db #0x00	; 0
      000075 00                     401 	.db #0x00	; 0
      000076 00                     402 	.db #0x00	; 0
      000077 00                     403 	.db #0x00	; 0
      000078 00                     404 	.db #0x00	; 0
      000079 00                     405 	.db #0x00	; 0
      00007A 00                     406 	.db #0x00	; 0
      00007B 00                     407 	.db #0x00	; 0
      00007C 00                     408 	.db #0x00	; 0
      00007D 00                     409 	.db #0x00	; 0
      00007E 00                     410 	.db #0x00	; 0
      00007F 00                     411 	.db #0x00	; 0
      000080 00                     412 	.db #0x00	; 0
      000081 00                     413 	.db #0x00	; 0
      000082 00                     414 	.db #0x00	; 0
      000083 00                     415 	.db #0x00	; 0
      000084 00                     416 	.db #0x00	; 0
      000085 00                     417 	.db #0x00	; 0
      000086 00                     418 	.db #0x00	; 0
      000087 00                     419 	.db #0x00	; 0
      000088 00                     420 	.db #0x00	; 0
      000089 00                     421 	.db #0x00	; 0
      00008A 00                     422 	.db #0x00	; 0
      00008B 00                     423 	.db #0x00	; 0
      00008C 00                     424 	.db #0x00	; 0
      00008D 00                     425 	.db #0x00	; 0
      00008E 00                     426 	.db #0x00	; 0
      00008F 00                     427 	.db #0x00	; 0
      000090 00                     428 	.db #0x00	; 0
      000091 00                     429 	.db #0x00	; 0
      000092 00                     430 	.db #0x00	; 0
      000093 00                     431 	.db #0x00	; 0
      000094 00                     432 	.db #0x00	; 0
      000095 00                     433 	.db #0x00	; 0
      000096 00                     434 	.db #0x00	; 0
      000097 00                     435 	.db #0x00	; 0
      000098 00                     436 	.db #0x00	; 0
      000099 00                     437 	.db #0x00	; 0
      00009A 00                     438 	.db #0x00	; 0
      00009B 00                     439 	.db #0x00	; 0
      00009C 00                     440 	.db #0x00	; 0
      00009D 00                     441 	.db #0x00	; 0
      00009E 00                     442 	.db #0x00	; 0
      00009F 00                     443 	.db #0x00	; 0
      0000A0 00                     444 	.db #0x00	; 0
      0000A1 00                     445 	.db #0x00	; 0
      0000A2 00                     446 	.db #0x00	; 0
      0000A3 00                     447 	.db #0x00	; 0
      0000A4 00                     448 	.db #0x00	; 0
      0000A5 00                     449 	.db #0x00	; 0
      0000A6 00                     450 	.db #0x00	; 0
      0000A7 00                     451 	.db #0x00	; 0
      0000A8 00                     452 	.db #0x00	; 0
      0000A9 00                     453 	.db #0x00	; 0
      0000AA 00                     454 	.db #0x00	; 0
      0000AB 00                     455 	.db #0x00	; 0
      0000AC 00                     456 	.db #0x00	; 0
      0000AD 00                     457 	.db #0x00	; 0
      0000AE 00                     458 	.db #0x00	; 0
      0000AF 00                     459 	.db #0x00	; 0
      0000B0 00                     460 	.db #0x00	; 0
      0000B1 00                     461 	.db #0x00	; 0
      0000B2 00                     462 	.db #0x00	; 0
      0000B3 00                     463 	.db #0x00	; 0
      0000B4 00                     464 	.db #0x00	; 0
      0000B5 00                     465 	.db #0x00	; 0
      0000B6 00                     466 	.db #0x00	; 0
      0000B7 00                     467 	.db #0x00	; 0
      0000B8 00                     468 	.db #0x00	; 0
      0000B9 00                     469 	.db #0x00	; 0
      0000BA 00                     470 	.db #0x00	; 0
      0000BB 00                     471 	.db #0x00	; 0
      0000BC 00                     472 	.db #0x00	; 0
      0000BD 00                     473 	.db #0x00	; 0
      0000BE 00                     474 	.db #0x00	; 0
      0000BF 00                     475 	.db #0x00	; 0
      0000C0 00                     476 	.db #0x00	; 0
      0000C1 00                     477 	.db #0x00	; 0
      0000C2 00                     478 	.db #0x00	; 0
      0000C3 00                     479 	.db #0x00	; 0
      0000C4 00                     480 	.db #0x00	; 0
      0000C5 00                     481 	.db #0x00	; 0
      0000C6 00                     482 	.db #0x00	; 0
      0000C7 00                     483 	.db #0x00	; 0
      0000C8 00                     484 	.db #0x00	; 0
      0000C9 00                     485 	.db #0x00	; 0
      0000CA 00                     486 	.db #0x00	; 0
      0000CB 00                     487 	.db #0x00	; 0
      0000CC 00                     488 	.db #0x00	; 0
      0000CD 00                     489 	.db #0x00	; 0
      0000CE 00                     490 	.db #0x00	; 0
      0000CF 00                     491 	.db #0x00	; 0
      0000D0 00                     492 	.db #0x00	; 0
      0000D1 00                     493 	.db #0x00	; 0
      0000D2 00                     494 	.db #0x00	; 0
      0000D3 00                     495 	.db #0x00	; 0
      0000D4 00                     496 	.db #0x00	; 0
      0000D5 00                     497 	.db #0x00	; 0
      0000D6 00                     498 	.db #0x00	; 0
      0000D7 00                     499 	.db #0x00	; 0
      0000D8 00                     500 	.db #0x00	; 0
      0000D9 00                     501 	.db #0x00	; 0
      0000DA 00                     502 	.db #0x00	; 0
      0000DB 00                     503 	.db #0x00	; 0
      0000DC 00                     504 	.db #0x00	; 0
      0000DD 00                     505 	.db #0x00	; 0
      0000DE 00                     506 	.db #0x00	; 0
      0000DF 00                     507 	.db #0x00	; 0
      0000E0 00                     508 	.db #0x00	; 0
      0000E1 00                     509 	.db #0x00	; 0
      0000E2 00                     510 	.db #0x00	; 0
      0000E3 00                     511 	.db #0x00	; 0
      0000E4 00                     512 	.db #0x00	; 0
      0000E5 00                     513 	.db #0x00	; 0
      0000E6 00                     514 	.db #0x00	; 0
      0000E7 00                     515 	.db #0x00	; 0
      0000E8 00                     516 	.db #0x00	; 0
      0000E9 00                     517 	.db #0x00	; 0
      0000EA 00                     518 	.db #0x00	; 0
      0000EB 00                     519 	.db #0x00	; 0
      0000EC 00                     520 	.db #0x00	; 0
      0000ED 00                     521 	.db #0x00	; 0
      0000EE 00                     522 	.db #0x00	; 0
      0000EF 00                     523 	.db #0x00	; 0
      0000F0 00                     524 	.db #0x00	; 0
      0000F1 00                     525 	.db #0x00	; 0
      0000F2 26                     526 	.db #0x26	; 38
      0000F3 26                     527 	.db #0x26	; 38
      0000F4 26                     528 	.db #0x26	; 38
      0000F5 26                     529 	.db #0x26	; 38
      0000F6 26                     530 	.db #0x26	; 38
      0000F7 26                     531 	.db #0x26	; 38
      0000F8 26                     532 	.db #0x26	; 38
      0000F9 26                     533 	.db #0x26	; 38
      0000FA 26                     534 	.db #0x26	; 38
      0000FB 26                     535 	.db #0x26	; 38
      0000FC 26                     536 	.db #0x26	; 38
      0000FD 26                     537 	.db #0x26	; 38
      0000FE 26                     538 	.db #0x26	; 38
      0000FF 26                     539 	.db #0x26	; 38
      000100 26                     540 	.db #0x26	; 38
      000101 26                     541 	.db #0x26	; 38
      000102 26                     542 	.db #0x26	; 38
      000103 00                     543 	.db #0x00	; 0
      000104 00                     544 	.db #0x00	; 0
      000105 00                     545 	.db #0x00	; 0
      000106 00                     546 	.db #0x00	; 0
      000107 00                     547 	.db #0x00	; 0
      000108 00                     548 	.db #0x00	; 0
      000109 00                     549 	.db #0x00	; 0
      00010A 00                     550 	.db #0x00	; 0
      00010B 00                     551 	.db #0x00	; 0
      00010C 00                     552 	.db #0x00	; 0
      00010D 00                     553 	.db #0x00	; 0
      00010E 00                     554 	.db #0x00	; 0
      00010F 00                     555 	.db #0x00	; 0
      000110 00                     556 	.db #0x00	; 0
      000111 00                     557 	.db #0x00	; 0
      000112 00                     558 	.db #0x00	; 0
      000113 00                     559 	.db #0x00	; 0
      000114 00                     560 	.db #0x00	; 0
      000115 00                     561 	.db #0x00	; 0
      000116 00                     562 	.db #0x00	; 0
      000117 00                     563 	.db #0x00	; 0
      000118 00                     564 	.db #0x00	; 0
      000119 00                     565 	.db #0x00	; 0
      00011A 26                     566 	.db #0x26	; 38
      00011B 26                     567 	.db #0x26	; 38
      00011C 26                     568 	.db #0x26	; 38
      00011D 26                     569 	.db #0x26	; 38
      00011E 26                     570 	.db #0x26	; 38
      00011F 26                     571 	.db #0x26	; 38
      000120 26                     572 	.db #0x26	; 38
      000121 26                     573 	.db #0x26	; 38
      000122 26                     574 	.db #0x26	; 38
      000123 26                     575 	.db #0x26	; 38
      000124 26                     576 	.db #0x26	; 38
      000125 26                     577 	.db #0x26	; 38
      000126 26                     578 	.db #0x26	; 38
      000127 26                     579 	.db #0x26	; 38
      000128 26                     580 	.db #0x26	; 38
      000129 26                     581 	.db #0x26	; 38
      00012A 26                     582 	.db #0x26	; 38
      00012B 00                     583 	.db #0x00	; 0
      00012C 00                     584 	.db #0x00	; 0
      00012D 00                     585 	.db #0x00	; 0
      00012E 00                     586 	.db #0x00	; 0
      00012F 00                     587 	.db #0x00	; 0
      000130 00                     588 	.db #0x00	; 0
      000131 00                     589 	.db #0x00	; 0
      000132 00                     590 	.db #0x00	; 0
      000133 00                     591 	.db #0x00	; 0
      000134 00                     592 	.db #0x00	; 0
      000135 00                     593 	.db #0x00	; 0
      000136 00                     594 	.db #0x00	; 0
      000137 00                     595 	.db #0x00	; 0
      000138 00                     596 	.db #0x00	; 0
      000139 00                     597 	.db #0x00	; 0
      00013A 00                     598 	.db #0x00	; 0
      00013B 00                     599 	.db #0x00	; 0
      00013C 00                     600 	.db #0x00	; 0
      00013D 00                     601 	.db #0x00	; 0
      00013E 00                     602 	.db #0x00	; 0
      00013F 00                     603 	.db #0x00	; 0
      000140 00                     604 	.db #0x00	; 0
      000141 00                     605 	.db #0x00	; 0
      000142 26                     606 	.db #0x26	; 38
      000143 26                     607 	.db #0x26	; 38
      000144 26                     608 	.db #0x26	; 38
      000145 26                     609 	.db #0x26	; 38
      000146 26                     610 	.db #0x26	; 38
      000147 26                     611 	.db #0x26	; 38
      000148 26                     612 	.db #0x26	; 38
      000149 26                     613 	.db #0x26	; 38
      00014A 26                     614 	.db #0x26	; 38
      00014B 26                     615 	.db #0x26	; 38
      00014C 26                     616 	.db #0x26	; 38
      00014D 26                     617 	.db #0x26	; 38
      00014E 26                     618 	.db #0x26	; 38
      00014F 26                     619 	.db #0x26	; 38
      000150 26                     620 	.db #0x26	; 38
      000151 26                     621 	.db #0x26	; 38
      000152 26                     622 	.db #0x26	; 38
      000153 00                     623 	.db #0x00	; 0
      000154 00                     624 	.db #0x00	; 0
      000155 00                     625 	.db #0x00	; 0
      000156 00                     626 	.db #0x00	; 0
      000157 00                     627 	.db #0x00	; 0
      000158 00                     628 	.db #0x00	; 0
      000159 00                     629 	.db #0x00	; 0
      00015A 00                     630 	.db #0x00	; 0
      00015B 00                     631 	.db #0x00	; 0
      00015C 00                     632 	.db #0x00	; 0
      00015D 00                     633 	.db #0x00	; 0
      00015E 00                     634 	.db #0x00	; 0
      00015F 00                     635 	.db #0x00	; 0
      000160 00                     636 	.db #0x00	; 0
      000161 00                     637 	.db #0x00	; 0
      000162 00                     638 	.db #0x00	; 0
      000163 00                     639 	.db #0x00	; 0
      000164 00                     640 	.db #0x00	; 0
      000165 00                     641 	.db #0x00	; 0
      000166 00                     642 	.db #0x00	; 0
      000167 00                     643 	.db #0x00	; 0
      000168 00                     644 	.db #0x00	; 0
      000169 00                     645 	.db #0x00	; 0
      00016A 26                     646 	.db #0x26	; 38
      00016B 26                     647 	.db #0x26	; 38
      00016C 26                     648 	.db #0x26	; 38
      00016D 26                     649 	.db #0x26	; 38
      00016E 26                     650 	.db #0x26	; 38
      00016F 26                     651 	.db #0x26	; 38
      000170 26                     652 	.db #0x26	; 38
      000171 26                     653 	.db #0x26	; 38
      000172 26                     654 	.db #0x26	; 38
      000173 26                     655 	.db #0x26	; 38
      000174 26                     656 	.db #0x26	; 38
      000175 26                     657 	.db #0x26	; 38
      000176 26                     658 	.db #0x26	; 38
      000177 26                     659 	.db #0x26	; 38
      000178 26                     660 	.db #0x26	; 38
      000179 26                     661 	.db #0x26	; 38
      00017A 26                     662 	.db #0x26	; 38
      00017B 00                     663 	.db #0x00	; 0
      00017C 00                     664 	.db #0x00	; 0
      00017D 00                     665 	.db #0x00	; 0
      00017E 00                     666 	.db #0x00	; 0
      00017F 00                     667 	.db #0x00	; 0
      000180 00                     668 	.db #0x00	; 0
      000181 00                     669 	.db #0x00	; 0
      000182 00                     670 	.db #0x00	; 0
      000183 00                     671 	.db #0x00	; 0
      000184 00                     672 	.db #0x00	; 0
      000185 00                     673 	.db #0x00	; 0
      000186 00                     674 	.db #0x00	; 0
      000187 00                     675 	.db #0x00	; 0
      000188 00                     676 	.db #0x00	; 0
      000189 00                     677 	.db #0x00	; 0
      00018A 00                     678 	.db #0x00	; 0
      00018B 00                     679 	.db #0x00	; 0
      00018C 00                     680 	.db #0x00	; 0
      00018D 00                     681 	.db #0x00	; 0
      00018E 00                     682 	.db #0x00	; 0
      00018F 00                     683 	.db #0x00	; 0
      000190 00                     684 	.db #0x00	; 0
      000191 00                     685 	.db #0x00	; 0
      000192 26                     686 	.db #0x26	; 38
      000193 26                     687 	.db #0x26	; 38
      000194 26                     688 	.db #0x26	; 38
      000195 26                     689 	.db #0x26	; 38
      000196 26                     690 	.db #0x26	; 38
      000197 26                     691 	.db #0x26	; 38
      000198 26                     692 	.db #0x26	; 38
      000199 26                     693 	.db #0x26	; 38
      00019A 26                     694 	.db #0x26	; 38
      00019B 26                     695 	.db #0x26	; 38
      00019C 26                     696 	.db #0x26	; 38
      00019D 26                     697 	.db #0x26	; 38
      00019E 26                     698 	.db #0x26	; 38
      00019F 26                     699 	.db #0x26	; 38
      0001A0 26                     700 	.db #0x26	; 38
      0001A1 26                     701 	.db #0x26	; 38
      0001A2 26                     702 	.db #0x26	; 38
      0001A3 00                     703 	.db #0x00	; 0
      0001A4 00                     704 	.db #0x00	; 0
      0001A5 00                     705 	.db #0x00	; 0
      0001A6 00                     706 	.db #0x00	; 0
      0001A7 00                     707 	.db #0x00	; 0
      0001A8 00                     708 	.db #0x00	; 0
      0001A9 00                     709 	.db #0x00	; 0
      0001AA 00                     710 	.db #0x00	; 0
      0001AB 00                     711 	.db #0x00	; 0
      0001AC 00                     712 	.db #0x00	; 0
      0001AD 00                     713 	.db #0x00	; 0
      0001AE 00                     714 	.db #0x00	; 0
      0001AF 00                     715 	.db #0x00	; 0
      0001B0 00                     716 	.db #0x00	; 0
      0001B1 00                     717 	.db #0x00	; 0
      0001B2 00                     718 	.db #0x00	; 0
      0001B3 00                     719 	.db #0x00	; 0
      0001B4 00                     720 	.db #0x00	; 0
      0001B5 00                     721 	.db #0x00	; 0
      0001B6 00                     722 	.db #0x00	; 0
      0001B7 00                     723 	.db #0x00	; 0
      0001B8 00                     724 	.db #0x00	; 0
      0001B9 00                     725 	.db #0x00	; 0
      0001BA 26                     726 	.db #0x26	; 38
      0001BB 26                     727 	.db #0x26	; 38
      0001BC 26                     728 	.db #0x26	; 38
      0001BD 26                     729 	.db #0x26	; 38
      0001BE 26                     730 	.db #0x26	; 38
      0001BF 26                     731 	.db #0x26	; 38
      0001C0 26                     732 	.db #0x26	; 38
      0001C1 26                     733 	.db #0x26	; 38
      0001C2 26                     734 	.db #0x26	; 38
      0001C3 26                     735 	.db #0x26	; 38
      0001C4 26                     736 	.db #0x26	; 38
      0001C5 26                     737 	.db #0x26	; 38
      0001C6 26                     738 	.db #0x26	; 38
      0001C7 26                     739 	.db #0x26	; 38
      0001C8 26                     740 	.db #0x26	; 38
      0001C9 26                     741 	.db #0x26	; 38
      0001CA 26                     742 	.db #0x26	; 38
      0001CB 00                     743 	.db #0x00	; 0
      0001CC 00                     744 	.db #0x00	; 0
      0001CD 00                     745 	.db #0x00	; 0
      0001CE 00                     746 	.db #0x00	; 0
      0001CF 00                     747 	.db #0x00	; 0
      0001D0 00                     748 	.db #0x00	; 0
      0001D1 00                     749 	.db #0x00	; 0
      0001D2 00                     750 	.db #0x00	; 0
      0001D3 00                     751 	.db #0x00	; 0
      0001D4 00                     752 	.db #0x00	; 0
      0001D5 00                     753 	.db #0x00	; 0
      0001D6 00                     754 	.db #0x00	; 0
      0001D7 00                     755 	.db #0x00	; 0
      0001D8 2B                     756 	.db #0x2b	; 43
      0001D9 2B                     757 	.db #0x2b	; 43
      0001DA 2B                     758 	.db #0x2b	; 43
      0001DB 2B                     759 	.db #0x2b	; 43
      0001DC 2B                     760 	.db #0x2b	; 43
      0001DD 2B                     761 	.db #0x2b	; 43
      0001DE 2B                     762 	.db #0x2b	; 43
      0001DF 2B                     763 	.db #0x2b	; 43
      0001E0 2B                     764 	.db #0x2b	; 43
      0001E1 2B                     765 	.db #0x2b	; 43
      0001E2 26                     766 	.db #0x26	; 38
      0001E3 26                     767 	.db #0x26	; 38
      0001E4 26                     768 	.db #0x26	; 38
      0001E5 26                     769 	.db #0x26	; 38
      0001E6 26                     770 	.db #0x26	; 38
      0001E7 26                     771 	.db #0x26	; 38
      0001E8 26                     772 	.db #0x26	; 38
      0001E9 26                     773 	.db #0x26	; 38
      0001EA 26                     774 	.db #0x26	; 38
      0001EB 26                     775 	.db #0x26	; 38
      0001EC 26                     776 	.db #0x26	; 38
      0001ED 26                     777 	.db #0x26	; 38
      0001EE 26                     778 	.db #0x26	; 38
      0001EF 26                     779 	.db #0x26	; 38
      0001F0 26                     780 	.db #0x26	; 38
      0001F1 26                     781 	.db #0x26	; 38
      0001F2 26                     782 	.db #0x26	; 38
      0001F3 2B                     783 	.db #0x2b	; 43
      0001F4 2B                     784 	.db #0x2b	; 43
      0001F5 2B                     785 	.db #0x2b	; 43
      0001F6 2B                     786 	.db #0x2b	; 43
      0001F7 2B                     787 	.db #0x2b	; 43
      0001F8 2B                     788 	.db #0x2b	; 43
      0001F9 2B                     789 	.db #0x2b	; 43
      0001FA 2B                     790 	.db #0x2b	; 43
      0001FB 2B                     791 	.db #0x2b	; 43
      0001FC 2B                     792 	.db #0x2b	; 43
      0001FD 2B                     793 	.db #0x2b	; 43
      0001FE 2B                     794 	.db #0x2b	; 43
      0001FF 2B                     795 	.db #0x2b	; 43
      000200 29                     796 	.db #0x29	; 41
      000201 29                     797 	.db #0x29	; 41
      000202 29                     798 	.db #0x29	; 41
      000203 29                     799 	.db #0x29	; 41
      000204 29                     800 	.db #0x29	; 41
      000205 29                     801 	.db #0x29	; 41
      000206 29                     802 	.db #0x29	; 41
      000207 29                     803 	.db #0x29	; 41
      000208 29                     804 	.db #0x29	; 41
      000209 29                     805 	.db #0x29	; 41
      00020A 29                     806 	.db #0x29	; 41
      00020B 29                     807 	.db #0x29	; 41
      00020C 29                     808 	.db #0x29	; 41
      00020D 29                     809 	.db #0x29	; 41
      00020E 29                     810 	.db #0x29	; 41
      00020F 29                     811 	.db #0x29	; 41
      000210 29                     812 	.db #0x29	; 41
      000211 29                     813 	.db #0x29	; 41
      000212 29                     814 	.db #0x29	; 41
      000213 29                     815 	.db #0x29	; 41
      000214 29                     816 	.db #0x29	; 41
      000215 29                     817 	.db #0x29	; 41
      000216 29                     818 	.db #0x29	; 41
      000217 29                     819 	.db #0x29	; 41
      000218 29                     820 	.db #0x29	; 41
      000219 29                     821 	.db #0x29	; 41
      00021A 29                     822 	.db #0x29	; 41
      00021B 29                     823 	.db #0x29	; 41
      00021C 29                     824 	.db #0x29	; 41
      00021D 29                     825 	.db #0x29	; 41
      00021E 29                     826 	.db #0x29	; 41
      00021F 29                     827 	.db #0x29	; 41
      000220 29                     828 	.db #0x29	; 41
      000221 29                     829 	.db #0x29	; 41
      000222 29                     830 	.db #0x29	; 41
      000223 29                     831 	.db #0x29	; 41
      000224 29                     832 	.db #0x29	; 41
      000225 29                     833 	.db #0x29	; 41
      000226 29                     834 	.db #0x29	; 41
      000227 29                     835 	.db #0x29	; 41
      000228 29                     836 	.db #0x29	; 41
      000229 29                     837 	.db #0x29	; 41
      00022A 29                     838 	.db #0x29	; 41
      00022B 29                     839 	.db #0x29	; 41
      00022C 29                     840 	.db #0x29	; 41
      00022D 29                     841 	.db #0x29	; 41
      00022E 29                     842 	.db #0x29	; 41
      00022F 29                     843 	.db #0x29	; 41
      000230 29                     844 	.db #0x29	; 41
      000231 29                     845 	.db #0x29	; 41
      000232 29                     846 	.db #0x29	; 41
      000233 29                     847 	.db #0x29	; 41
      000234 29                     848 	.db #0x29	; 41
      000235 29                     849 	.db #0x29	; 41
      000236 29                     850 	.db #0x29	; 41
      000237 29                     851 	.db #0x29	; 41
      000238 29                     852 	.db #0x29	; 41
      000239 29                     853 	.db #0x29	; 41
      00023A 29                     854 	.db #0x29	; 41
      00023B 29                     855 	.db #0x29	; 41
      00023C 29                     856 	.db #0x29	; 41
      00023D 29                     857 	.db #0x29	; 41
      00023E 29                     858 	.db #0x29	; 41
      00023F 29                     859 	.db #0x29	; 41
      000240 29                     860 	.db #0x29	; 41
      000241 29                     861 	.db #0x29	; 41
      000242 29                     862 	.db #0x29	; 41
      000243 29                     863 	.db #0x29	; 41
      000244 29                     864 	.db #0x29	; 41
      000245 29                     865 	.db #0x29	; 41
      000246 29                     866 	.db #0x29	; 41
      000247 29                     867 	.db #0x29	; 41
      000248 29                     868 	.db #0x29	; 41
      000249 29                     869 	.db #0x29	; 41
      00024A 29                     870 	.db #0x29	; 41
      00024B 29                     871 	.db #0x29	; 41
      00024C 29                     872 	.db #0x29	; 41
      00024D 29                     873 	.db #0x29	; 41
      00024E 29                     874 	.db #0x29	; 41
      00024F 29                     875 	.db #0x29	; 41
      000250 29                     876 	.db #0x29	; 41
      000251 29                     877 	.db #0x29	; 41
      000252 29                     878 	.db #0x29	; 41
      000253 29                     879 	.db #0x29	; 41
      000254 29                     880 	.db #0x29	; 41
      000255 29                     881 	.db #0x29	; 41
      000256 29                     882 	.db #0x29	; 41
      000257 29                     883 	.db #0x29	; 41
      000258 29                     884 	.db #0x29	; 41
      000259 29                     885 	.db #0x29	; 41
      00025A 29                     886 	.db #0x29	; 41
      00025B 29                     887 	.db #0x29	; 41
      00025C 29                     888 	.db #0x29	; 41
      00025D 29                     889 	.db #0x29	; 41
      00025E 29                     890 	.db #0x29	; 41
      00025F 29                     891 	.db #0x29	; 41
      000260 29                     892 	.db #0x29	; 41
      000261 29                     893 	.db #0x29	; 41
      000262 29                     894 	.db #0x29	; 41
      000263 29                     895 	.db #0x29	; 41
      000264 29                     896 	.db #0x29	; 41
      000265 29                     897 	.db #0x29	; 41
      000266 29                     898 	.db #0x29	; 41
      000267 29                     899 	.db #0x29	; 41
      000268 29                     900 	.db #0x29	; 41
      000269 29                     901 	.db #0x29	; 41
      00026A 29                     902 	.db #0x29	; 41
      00026B 29                     903 	.db #0x29	; 41
      00026C 29                     904 	.db #0x29	; 41
      00026D 29                     905 	.db #0x29	; 41
      00026E 29                     906 	.db #0x29	; 41
      00026F 29                     907 	.db #0x29	; 41
      000270 29                     908 	.db #0x29	; 41
      000271 29                     909 	.db #0x29	; 41
      000272 29                     910 	.db #0x29	; 41
      000273 29                     911 	.db #0x29	; 41
      000274 29                     912 	.db #0x29	; 41
      000275 29                     913 	.db #0x29	; 41
      000276 29                     914 	.db #0x29	; 41
      000277 29                     915 	.db #0x29	; 41
      000278 29                     916 	.db #0x29	; 41
      000279 29                     917 	.db #0x29	; 41
      00027A 29                     918 	.db #0x29	; 41
      00027B 29                     919 	.db #0x29	; 41
      00027C 29                     920 	.db #0x29	; 41
      00027D 29                     921 	.db #0x29	; 41
      00027E 29                     922 	.db #0x29	; 41
      00027F 29                     923 	.db #0x29	; 41
      000280 29                     924 	.db #0x29	; 41
      000281 29                     925 	.db #0x29	; 41
      000282 29                     926 	.db #0x29	; 41
      000283 29                     927 	.db #0x29	; 41
      000284 29                     928 	.db #0x29	; 41
      000285 29                     929 	.db #0x29	; 41
      000286 29                     930 	.db #0x29	; 41
      000287 29                     931 	.db #0x29	; 41
      000288 29                     932 	.db #0x29	; 41
      000289 29                     933 	.db #0x29	; 41
      00028A 29                     934 	.db #0x29	; 41
      00028B 29                     935 	.db #0x29	; 41
      00028C 29                     936 	.db #0x29	; 41
      00028D 29                     937 	.db #0x29	; 41
      00028E 29                     938 	.db #0x29	; 41
      00028F 29                     939 	.db #0x29	; 41
      000290 29                     940 	.db #0x29	; 41
      000291 29                     941 	.db #0x29	; 41
      000292 29                     942 	.db #0x29	; 41
      000293 29                     943 	.db #0x29	; 41
      000294 29                     944 	.db #0x29	; 41
      000295 29                     945 	.db #0x29	; 41
      000296 29                     946 	.db #0x29	; 41
      000297 29                     947 	.db #0x29	; 41
      000298 29                     948 	.db #0x29	; 41
      000299 29                     949 	.db #0x29	; 41
      00029A 29                     950 	.db #0x29	; 41
      00029B 29                     951 	.db #0x29	; 41
      00029C 29                     952 	.db #0x29	; 41
      00029D 29                     953 	.db #0x29	; 41
      00029E 29                     954 	.db #0x29	; 41
      00029F 29                     955 	.db #0x29	; 41
      0002A0 29                     956 	.db #0x29	; 41
      0002A1 29                     957 	.db #0x29	; 41
      0002A2 29                     958 	.db #0x29	; 41
      0002A3 29                     959 	.db #0x29	; 41
      0002A4 29                     960 	.db #0x29	; 41
      0002A5 29                     961 	.db #0x29	; 41
      0002A6 29                     962 	.db #0x29	; 41
      0002A7 29                     963 	.db #0x29	; 41
      0002A8 29                     964 	.db #0x29	; 41
      0002A9 29                     965 	.db #0x29	; 41
      0002AA 29                     966 	.db #0x29	; 41
      0002AB 29                     967 	.db #0x29	; 41
      0002AC 29                     968 	.db #0x29	; 41
      0002AD 29                     969 	.db #0x29	; 41
      0002AE 29                     970 	.db #0x29	; 41
      0002AF 29                     971 	.db #0x29	; 41
      0002B0 29                     972 	.db #0x29	; 41
      0002B1 29                     973 	.db #0x29	; 41
      0002B2 29                     974 	.db #0x29	; 41
      0002B3 29                     975 	.db #0x29	; 41
      0002B4 29                     976 	.db #0x29	; 41
      0002B5 29                     977 	.db #0x29	; 41
      0002B6 29                     978 	.db #0x29	; 41
      0002B7 29                     979 	.db #0x29	; 41
      0002B8 29                     980 	.db #0x29	; 41
      0002B9 29                     981 	.db #0x29	; 41
      0002BA 29                     982 	.db #0x29	; 41
      0002BB 29                     983 	.db #0x29	; 41
      0002BC 29                     984 	.db #0x29	; 41
      0002BD 29                     985 	.db #0x29	; 41
      0002BE 29                     986 	.db #0x29	; 41
      0002BF 29                     987 	.db #0x29	; 41
      0002C0 29                     988 	.db #0x29	; 41
      0002C1 29                     989 	.db #0x29	; 41
      0002C2 29                     990 	.db #0x29	; 41
      0002C3 29                     991 	.db #0x29	; 41
      0002C4 29                     992 	.db #0x29	; 41
      0002C5 29                     993 	.db #0x29	; 41
      0002C6 29                     994 	.db #0x29	; 41
      0002C7 29                     995 	.db #0x29	; 41
      0002C8 29                     996 	.db #0x29	; 41
      0002C9 29                     997 	.db #0x29	; 41
      0002CA 29                     998 	.db #0x29	; 41
      0002CB 29                     999 	.db #0x29	; 41
      0002CC 29                    1000 	.db #0x29	; 41
      0002CD 29                    1001 	.db #0x29	; 41
      0002CE 29                    1002 	.db #0x29	; 41
      0002CF 29                    1003 	.db #0x29	; 41
      0002D0 29                    1004 	.db #0x29	; 41
      0002D1 29                    1005 	.db #0x29	; 41
      0002D2 29                    1006 	.db #0x29	; 41
      0002D3 29                    1007 	.db #0x29	; 41
      0002D4 29                    1008 	.db #0x29	; 41
      0002D5 29                    1009 	.db #0x29	; 41
      0002D6 29                    1010 	.db #0x29	; 41
      0002D7 29                    1011 	.db #0x29	; 41
      0002D8 29                    1012 	.db #0x29	; 41
      0002D9 29                    1013 	.db #0x29	; 41
      0002DA 29                    1014 	.db #0x29	; 41
      0002DB 29                    1015 	.db #0x29	; 41
      0002DC 29                    1016 	.db #0x29	; 41
      0002DD 29                    1017 	.db #0x29	; 41
      0002DE 29                    1018 	.db #0x29	; 41
      0002DF 29                    1019 	.db #0x29	; 41
      0002E0 29                    1020 	.db #0x29	; 41
      0002E1 29                    1021 	.db #0x29	; 41
      0002E2 29                    1022 	.db #0x29	; 41
      0002E3 29                    1023 	.db #0x29	; 41
      0002E4 29                    1024 	.db #0x29	; 41
      0002E5 29                    1025 	.db #0x29	; 41
      0002E6 29                    1026 	.db #0x29	; 41
      0002E7 29                    1027 	.db #0x29	; 41
      0002E8 29                    1028 	.db #0x29	; 41
      0002E9 29                    1029 	.db #0x29	; 41
      0002EA 29                    1030 	.db #0x29	; 41
      0002EB 29                    1031 	.db #0x29	; 41
      0002EC 29                    1032 	.db #0x29	; 41
      0002ED 29                    1033 	.db #0x29	; 41
      0002EE 29                    1034 	.db #0x29	; 41
      0002EF 29                    1035 	.db #0x29	; 41
      0002F0                       1036 __xinit__TileLabel1:
      0002F0 00                    1037 	.db #0x00	; 0
      0002F1 00                    1038 	.db #0x00	; 0
      0002F2 00                    1039 	.db #0x00	; 0
      0002F3 00                    1040 	.db #0x00	; 0
      0002F4 00                    1041 	.db #0x00	; 0
      0002F5 00                    1042 	.db #0x00	; 0
      0002F6 00                    1043 	.db #0x00	; 0
      0002F7 00                    1044 	.db #0x00	; 0
      0002F8 00                    1045 	.db #0x00	; 0
      0002F9 00                    1046 	.db #0x00	; 0
      0002FA 00                    1047 	.db #0x00	; 0
      0002FB 00                    1048 	.db #0x00	; 0
      0002FC 00                    1049 	.db #0x00	; 0
      0002FD 00                    1050 	.db #0x00	; 0
      0002FE 00                    1051 	.db #0x00	; 0
      0002FF 00                    1052 	.db #0x00	; 0
      000300 FF                    1053 	.db #0xff	; 255
      000301 FF                    1054 	.db #0xff	; 255
      000302 01                    1055 	.db #0x01	; 1
      000303 01                    1056 	.db #0x01	; 1
      000304 01                    1057 	.db #0x01	; 1
      000305 01                    1058 	.db #0x01	; 1
      000306 01                    1059 	.db #0x01	; 1
      000307 01                    1060 	.db #0x01	; 1
      000308 FF                    1061 	.db #0xff	; 255
      000309 FF                    1062 	.db #0xff	; 255
      00030A 10                    1063 	.db #0x10	; 16
      00030B 10                    1064 	.db #0x10	; 16
      00030C 10                    1065 	.db #0x10	; 16
      00030D 10                    1066 	.db #0x10	; 16
      00030E 10                    1067 	.db #0x10	; 16
      00030F 10                    1068 	.db #0x10	; 16
      000310 FF                    1069 	.db #0xff	; 255
      000311 FF                    1070 	.db #0xff	; 255
      000312 01                    1071 	.db #0x01	; 1
      000313 01                    1072 	.db #0x01	; 1
      000314 01                    1073 	.db #0x01	; 1
      000315 01                    1074 	.db #0x01	; 1
      000316 01                    1075 	.db #0x01	; 1
      000317 01                    1076 	.db #0x01	; 1
      000318 FF                    1077 	.db #0xff	; 255
      000319 FF                    1078 	.db #0xff	; 255
      00031A 11                    1079 	.db #0x11	; 17
      00031B 11                    1080 	.db #0x11	; 17
      00031C 11                    1081 	.db #0x11	; 17
      00031D 11                    1082 	.db #0x11	; 17
      00031E 11                    1083 	.db #0x11	; 17
      00031F 11                    1084 	.db #0x11	; 17
      000320 FF                    1085 	.db #0xff	; 255
      000321 FF                    1086 	.db #0xff	; 255
      000322 80                    1087 	.db #0x80	; 128
      000323 80                    1088 	.db #0x80	; 128
      000324 80                    1089 	.db #0x80	; 128
      000325 80                    1090 	.db #0x80	; 128
      000326 80                    1091 	.db #0x80	; 128
      000327 80                    1092 	.db #0x80	; 128
      000328 FF                    1093 	.db #0xff	; 255
      000329 FF                    1094 	.db #0xff	; 255
      00032A 88                    1095 	.db #0x88	; 136
      00032B 88                    1096 	.db #0x88	; 136
      00032C 88                    1097 	.db #0x88	; 136
      00032D 88                    1098 	.db #0x88	; 136
      00032E 88                    1099 	.db #0x88	; 136
      00032F 88                    1100 	.db #0x88	; 136
      000330 55                    1101 	.db #0x55	; 85	'U'
      000331 00                    1102 	.db #0x00	; 0
      000332 AA                    1103 	.db #0xaa	; 170
      000333 00                    1104 	.db #0x00	; 0
      000334 55                    1105 	.db #0x55	; 85	'U'
      000335 00                    1106 	.db #0x00	; 0
      000336 AA                    1107 	.db #0xaa	; 170
      000337 00                    1108 	.db #0x00	; 0
      000338 55                    1109 	.db #0x55	; 85	'U'
      000339 00                    1110 	.db #0x00	; 0
      00033A AA                    1111 	.db #0xaa	; 170
      00033B 00                    1112 	.db #0x00	; 0
      00033C 55                    1113 	.db #0x55	; 85	'U'
      00033D 00                    1114 	.db #0x00	; 0
      00033E AA                    1115 	.db #0xaa	; 170
      00033F 00                    1116 	.db #0x00	; 0
      000340 00                    1117 	.db #0x00	; 0
      000341 00                    1118 	.db #0x00	; 0
      000342 00                    1119 	.db #0x00	; 0
      000343 00                    1120 	.db #0x00	; 0
      000344 00                    1121 	.db #0x00	; 0
      000345 00                    1122 	.db #0x00	; 0
      000346 00                    1123 	.db #0x00	; 0
      000347 00                    1124 	.db #0x00	; 0
      000348 FF                    1125 	.db #0xff	; 255
      000349 FF                    1126 	.db #0xff	; 255
      00034A AA                    1127 	.db #0xaa	; 170
      00034B FF                    1128 	.db #0xff	; 255
      00034C 00                    1129 	.db #0x00	; 0
      00034D FF                    1130 	.db #0xff	; 255
      00034E 00                    1131 	.db #0x00	; 0
      00034F 55                    1132 	.db #0x55	; 85	'U'
      000350 00                    1133 	.db #0x00	; 0
      000351 00                    1134 	.db #0x00	; 0
      000352 00                    1135 	.db #0x00	; 0
      000353 00                    1136 	.db #0x00	; 0
      000354 00                    1137 	.db #0x00	; 0
      000355 00                    1138 	.db #0x00	; 0
      000356 00                    1139 	.db #0x00	; 0
      000357 00                    1140 	.db #0x00	; 0
      000358 00                    1141 	.db #0x00	; 0
      000359 00                    1142 	.db #0x00	; 0
      00035A FF                    1143 	.db #0xff	; 255
      00035B FF                    1144 	.db #0xff	; 255
      00035C 00                    1145 	.db #0x00	; 0
      00035D FF                    1146 	.db #0xff	; 255
      00035E FF                    1147 	.db #0xff	; 255
      00035F 00                    1148 	.db #0x00	; 0
      000360 00                    1149 	.db #0x00	; 0
      000361 00                    1150 	.db #0x00	; 0
      000362 00                    1151 	.db #0x00	; 0
      000363 00                    1152 	.db #0x00	; 0
      000364 00                    1153 	.db #0x00	; 0
      000365 00                    1154 	.db #0x00	; 0
      000366 00                    1155 	.db #0x00	; 0
      000367 00                    1156 	.db #0x00	; 0
      000368 00                    1157 	.db #0x00	; 0
      000369 00                    1158 	.db #0x00	; 0
      00036A 00                    1159 	.db #0x00	; 0
      00036B FF                    1160 	.db #0xff	; 255
      00036C 00                    1161 	.db #0x00	; 0
      00036D FF                    1162 	.db #0xff	; 255
      00036E 00                    1163 	.db #0x00	; 0
      00036F FF                    1164 	.db #0xff	; 255
      000370                       1165 __xinit__WNice:
      000370 12                    1166 	.db #0x12	; 18
      000371 0B                    1167 	.db #0x0b	; 11
      000372 16                    1168 	.db #0x16	; 22
      000373 16                    1169 	.db #0x16	; 22
      000374 19                    1170 	.db #0x19	; 25
                                   1171 	.area _CABS (ABS)
